This is XeTeX, Version 3.1415926-2.4-0.9998 (MiKTeX 2.9 64-bit) (preloaded format=xelatex 2013.8.18)  11 SEP 2013 23:00
entering extended mode
**proposal

("C:\Users\Jean\Desktop\Micro 2\Git\[ Project ]\Phase 01\Final\latex\proposal.t
ex"
LaTeX2e <2011/06/27>
Babel <v3.8m> and hyphenation patterns for english, afrikaans, ancientgreek, ar
abic, armenian, assamese, basque, bengali, bokmal, bulgarian, catalan, coptic, 
croatian, czech, danish, dutch, esperanto, estonian, farsi, finnish, french, ga
lician, german, german-x-2012-05-30, greek, gujarati, hindi, hungarian, iceland
ic, indonesian, interlingua, irish, italian, kannada, kurmanji, latin, latvian,
 lithuanian, malayalam, marathi, mongolian, mongolianlmc, monogreek, ngerman, n
german-x-2012-05-30, nynorsk, oriya, panjabi, pinyin, polish, portuguese, roman
ian, russian, sanskrit, serbian, slovak, slovenian, spanish, swedish, swissgerm
an, tamil, telugu, turkish, turkmen, ukenglish, ukrainian, uppersorbian, usengl
ishmax, welsh, loaded.
("C:\Program Files\MiKTeX 2.9\tex\latex\base\report.cls"
Document Class: report 2007/10/19 v1.4h Standard LaTeX document class
("C:\Program Files\MiKTeX 2.9\tex\latex\base\size12.clo"
File: size12.clo 2007/10/19 v1.4h Standard LaTeX file (size option)
)
\c@part=\count80
\c@chapter=\count81
\c@section=\count82
\c@subsection=\count83
\c@subsubsection=\count84
\c@paragraph=\count85
\c@subparagraph=\count86
\c@figure=\count87
\c@table=\count88
\abovecaptionskip=\skip41
\belowcaptionskip=\skip42
\bibindent=\dimen102
)
("C:\Program Files\MiKTeX 2.9\tex\latex\amsfonts\amssymb.sty"
Package: amssymb 2013/01/14 v3.01 AMS font symbols

("C:\Program Files\MiKTeX 2.9\tex\latex\amsfonts\amsfonts.sty"
Package: amsfonts 2013/01/14 v3.01 Basic AMSFonts support
\@emptytoks=\toks14
\symAMSa=\mathgroup4
\symAMSb=\mathgroup5
LaTeX Font Info:    Overwriting math alphabet `\mathfrak' in version `bold'
(Font)                  U/euf/m/n --> U/euf/b/n on input line 106.
))
("C:\Program Files\MiKTeX 2.9\tex\latex\psnfss\pifont.sty"
Package: pifont 2005/04/12 PSNFSS-v9.2a Pi font support (SPQR) 
LaTeX Font Info:    Try loading font information for U+pzd on input line 63.

("C:\Program Files\MiKTeX 2.9\tex\latex\psnfss\upzd.fd"
File: upzd.fd 2001/06/04 font definitions for U/pzd.
)
LaTeX Font Info:    Try loading font information for U+psy on input line 64.

("C:\Program Files\MiKTeX 2.9\tex\latex\psnfss\upsy.fd"
File: upsy.fd 2001/06/04 font definitions for U/psy.
))
("C:\Program Files\MiKTeX 2.9\tex\latex\graphics\graphicx.sty"
Package: graphicx 1999/02/16 v1.0f Enhanced LaTeX Graphics (DPC,SPQR)

("C:\Program Files\MiKTeX 2.9\tex\latex\graphics\keyval.sty"
Package: keyval 1999/03/16 v1.13 key=value parser (DPC)
\KV@toks@=\toks15
)
("C:\Program Files\MiKTeX 2.9\tex\latex\graphics\graphics.sty"
Package: graphics 2009/02/05 v1.0o Standard LaTeX Graphics (DPC,SPQR)

("C:\Program Files\MiKTeX 2.9\tex\latex\graphics\trig.sty"
Package: trig 1999/03/16 v1.09 sin cos tan (DPC)
)
("C:\Program Files\MiKTeX 2.9\tex\latex\00miktex\graphics.cfg"
File: graphics.cfg 2007/01/18 v1.5 graphics configuration of teTeX/TeXLive
)
Package graphics Info: Driver file: xetex.def on input line 91.

("C:\Program Files\MiKTeX 2.9\tex\xelatex\xetex-def\xetex.def"
File: xetex.def 2013/04/29 v0.96 LaTeX color/graphics driver for XeTeX (RRM/JK)

))
\Gin@req@height=\dimen103
\Gin@req@width=\dimen104
)
("C:\Program Files\MiKTeX 2.9\tex\latex\float\float.sty"
Package: float 2001/11/08 v1.3d Float enhancements (AL)
\c@float@type=\count89
\float@exts=\toks16
\float@box=\box26
\@float@everytoks=\toks17
\@floatcapt=\box27
)
("C:\Program Files\MiKTeX 2.9\tex\xelatex\xetexurl\url.sty"
\Urlmuskip=\muskip10
Package: url 2004/03/15  ver 3.1  Verb mode for urls, etc.
)
("C:\Program Files\MiKTeX 2.9\tex\latex\geometry\geometry.sty"
Package: geometry 2010/09/12 v5.6 Page Geometry

("C:\Program Files\MiKTeX 2.9\tex\generic\oberdiek\ifpdf.sty"
Package: ifpdf 2011/01/30 v2.3 Provides the ifpdf switch (HO)
Package ifpdf Info: pdfTeX in PDF mode is not detected.
)
("C:\Program Files\MiKTeX 2.9\tex\generic\oberdiek\ifvtex.sty"
Package: ifvtex 2010/03/01 v1.5 Detect VTeX and its facilities (HO)
Package ifvtex Info: VTeX not detected.
)
("C:\Program Files\MiKTeX 2.9\tex\generic\ifxetex\ifxetex.sty"
Package: ifxetex 2010/09/12 v0.6 Provides ifxetex conditional
)
\Gm@cnth=\count90
\Gm@cntv=\count91
\c@Gm@tempcnt=\count92
\Gm@bindingoffset=\dimen105
\Gm@wd@mp=\dimen106
\Gm@odd@mp=\dimen107
\Gm@even@mp=\dimen108
\Gm@layoutwidth=\dimen109
\Gm@layoutheight=\dimen110
\Gm@layouthoffset=\dimen111
\Gm@layoutvoffset=\dimen112
\Gm@dimlist=\toks18

("C:\Program Files\MiKTeX 2.9\tex\xelatex\xetexconfig\geometry.cfg"))
("C:\Users\Jean\Desktop\Micro 2\Git\[ Project ]\Phase 01\Final\latex\proposal.a
ux")
LaTeX Font Info:    Checking defaults for OML/cmm/m/it on input line 56.
LaTeX Font Info:    ... okay on input line 56.
LaTeX Font Info:    Checking defaults for T1/cmr/m/n on input line 56.
LaTeX Font Info:    ... okay on input line 56.
LaTeX Font Info:    Checking defaults for OT1/cmr/m/n on input line 56.
LaTeX Font Info:    ... okay on input line 56.
LaTeX Font Info:    Checking defaults for OMS/cmsy/m/n on input line 56.
LaTeX Font Info:    ... okay on input line 56.
LaTeX Font Info:    Checking defaults for OMX/cmex/m/n on input line 56.
LaTeX Font Info:    ... okay on input line 56.
LaTeX Font Info:    Checking defaults for U/cmr/m/n on input line 56.
LaTeX Font Info:    ... okay on input line 56.

*geometry* detected driver: pdftex
*geometry* verbose mode - [ preamble ] result:
* driver: pdftex
* paper: letterpaper
* layout: <same size as paper>
* layoutoffset:(h,v)=(0.0pt,0.0pt)
* modes: 
* h-part:(L,W,R)=(72.26999pt, 469.75502pt, 72.26999pt)
* v-part:(T,H,B)=(72.26999pt, 650.43001pt, 72.26999pt)
* \paperwidth=614.295pt
* \paperheight=794.96999pt
* \textwidth=469.75502pt
* \textheight=650.43001pt
* \oddsidemargin=0.0pt
* \evensidemargin=0.0pt
* \topmargin=-37.0pt
* \headheight=12.0pt
* \headsep=25.0pt
* \topskip=12.0pt
* \footskip=30.0pt
* \marginparwidth=44.0pt
* \marginparsep=10.0pt
* \columnsep=10.0pt
* \skip\footins=10.8pt plus 4.0pt minus 2.0pt
* \hoffset=0.0pt
* \voffset=0.0pt
* \mag=1000
* \@twocolumnfalse
* \@twosidefalse
* \@mparswitchfalse
* \@reversemarginfalse
* (1in=72.27pt=25.4mm, 1cm=28.453pt)

LaTeX Font Info:    Try loading font information for U+msa on input line 57.
("C:\Program Files\MiKTeX 2.9\tex\latex\amsfonts\umsa.fd"
File: umsa.fd 2013/01/14 v3.01 AMS symbols A
)
LaTeX Font Info:    Try loading font information for U+msb on input line 57.

("C:\Program Files\MiKTeX 2.9\tex\latex\amsfonts\umsb.fd"
File: umsb.fd 2013/01/14 v3.01 AMS symbols B
) [1

]
("C:\Users\Jean\Desktop\Micro 2\Git\[ Project ]\Phase 01\Final\latex\sections/a
bstract.tex" [1])
("C:\Users\Jean\Desktop\Micro 2\Git\[ Project ]\Phase 01\Final\latex\proposal.t
oc")
\tf@toc=\write3
 [1

]
("C:\Users\Jean\Desktop\Micro 2\Git\[ Project ]\Phase 01\Final\latex\sections/i
ntroduction.tex"

LaTeX Warning: Citation `ref:intro1' on page 2 undefined on input line 2.


LaTeX Warning: Citation `ref:intro2' on page 2 undefined on input line 9.


LaTeX Warning: Citation `ref:intro3' on page 2 undefined on input line 10.


LaTeX Warning: Citation `ref:intro4' on page 2 undefined on input line 11.

Missing character: There is no ’ in font cmr12!
Missing character: There is no ’ in font cmr12!
File: img/intro-1.png Graphic file (type QTm)
<use  "img/intro-1.png" >
File: img/intro-2.png Graphic file (type QTm)
 <use  "img/intro-2.png" > [2])
("C:\Users\Jean\Desktop\Micro 2\Git\[ Project ]\Phase 01\Final\latex\sections/s
ystembd.tex"
File: img/blockdiagramv2.png Graphic file (type QTm)
 <use  "img/blockdiagramv2.png" >
Overfull \hbox (60.04907pt too wide) in paragraph at lines 8--9
 [][] 
 []

)
("C:\Users\Jean\Desktop\Micro 2\Git\[ Project ]\Phase 01\Final\latex\sections/s
pecs.tex" [3]
LaTeX Font Info:    Try loading font information for OMS+cmr on input line 7.
 ("C:\Program Files\MiKTeX 2.9\tex\latex\base\omscmr.fd"
File: omscmr.fd 1999/05/25 v2.5h Standard LaTeX font definitions
)
LaTeX Font Info:    Font shape `OMS/cmr/m/n' in size <12> not available
(Font)              Font shape `OMS/cmsy/m/n' tried instead on input line 7.
 [4]
[5])
("C:\Users\Jean\Desktop\Micro 2\Git\[ Project ]\Phase 01\Final\latex\sections/s
ystemconception.tex"
File: img/globalview.png Graphic file (type QTm)
 <use  "img/globalview.png" > [6] [7]
File: img/UI-PC.png Graphic file (type QTm)

<use  "img/UI-PC.png" >
File: img/UI-PC-2.png Graphic file (type QTm)
 <use  "img/UI-PC-2.png" > [8]
File: img/UI-Configuration.png Graphic file (type QTm)

<use  "img/UI-Configuration.png" >
Missing character: There is no “ in font cmr12!
Missing character: There is no ” in font cmr12!
Missing character: There is no “ in font cmr12!
Missing character: There is no ” in font cmr12!
Missing character: There is no “ in font cmr12!
Missing character: There is no ” in font cmr12!
 [9])
("C:\Users\Jean\Desktop\Micro 2\Git\[ Project ]\Phase 01\Final\latex\sections/m
arket.tex"
Underfull \hbox (badness 10000) in paragraph at lines 2--3

 []

)
("C:\Users\Jean\Desktop\Micro 2\Git\[ Project ]\Phase 01\Final\latex\sections/d
esigncriteria.tex" [10])
("C:\Users\Jean\Desktop\Micro 2\Git\[ Project ]\Phase 01\Final\latex\sections/t
imetable.tex"
File: img/ptt-1.jpg Graphic file (type QTm)
 <use  "img/ptt-1.jpg" >
File: img/ptt-2.jpg Graphic file (type QTm)
 <use  "img/ptt-2.jpg" > [11]
File: img/ptt-3.jpg Graphic file (type QTm)

<use  "img/ptt-3.jpg" >
File: img/ptt-4.jpg Graphic file (type QTm)
 <use  "img/ptt-4.jpg" >)
("C:\Users\Jean\Desktop\Micro 2\Git\[ Project ]\Phase 01\Final\latex\sections/o
pinion.tex" [12] [13]
Missing character: There is no ” in font cmr12!

Underfull \hbox (badness 10000) in paragraph at lines 18--19

 []

Missing character: There is no ü in font cmr12!
)
("C:\Users\Jean\Desktop\Micro 2\Git\[ Project ]\Phase 01\Final\latex\sections/r
eferences.tex" [14])
("C:\Users\Jean\Desktop\Micro 2\Git\[ Project ]\Phase 01\Final\latex\sections/a
ppendices.tex" [15

]
File: img/blog.png Graphic file (type QTm)
 <use  "img/blog.png" >
Overfull \hbox (21.04877pt too wide) in paragraph at lines 51--52
 [][] 
 []

[16]) [17]
("C:\Users\Jean\Desktop\Micro 2\Git\[ Project ]\Phase 01\Final\latex\proposal.a
ux")

LaTeX Warning: There were undefined references.


LaTeX Warning: Label(s) may have changed. Rerun to get cross-references right.

 ) 
Here is how much of TeX's memory you used:
 1653 strings out of 429035
 21003 string characters out of 3167909
 83065 words of memory out of 3000000
 4854 multiletter control sequences out of 15000+200000
 14220 words of font info for 54 fonts, out of 3000000 for 9000
 912 hyphenation exceptions out of 8191
 25i,6n,32p,1400b,211s stack positions out of 5000i,500n,10000p,200000b,50000s

Output written on proposal.pdf (19 pages).
