\BOOKMARK [1][-]{section*.1}{List of Figures}{}% 1
\BOOKMARK [1][-]{section.1}{Introduction}{}% 2
\BOOKMARK [1][-]{section.2}{Theoretical Background}{}% 3
\BOOKMARK [2][-]{subsection.2.1}{Brief Historical Background}{section.2}% 4
\BOOKMARK [2][-]{subsection.2.2}{How It Works}{section.2}% 5
\BOOKMARK [3][-]{subsubsection.2.2.1}{Wind Source}{subsection.2.2}% 6
\BOOKMARK [3][-]{subsubsection.2.2.2}{Studied Object}{subsection.2.2}% 7
\BOOKMARK [3][-]{subsubsection.2.2.3}{Sensors}{subsection.2.2}% 8
\BOOKMARK [1][-]{section.3}{System Overview}{}% 9
\BOOKMARK [1][-]{section.4}{System Block Diagram}{}% 10
\BOOKMARK [1][-]{section.5}{Power Analysis}{}% 11
\BOOKMARK [2][-]{subsection.5.1}{Logic Compatibility}{section.5}% 12
\BOOKMARK [2][-]{subsection.5.2}{Driving Capability}{section.5}% 13
\BOOKMARK [2][-]{subsection.5.3}{Power Supply Design}{section.5}% 14
\BOOKMARK [2][-]{subsection.5.4}{Port Loading}{section.5}% 15
\BOOKMARK [2][-]{subsection.5.5}{Thermal Analysis}{section.5}% 16
\BOOKMARK [3][-]{subsubsection.5.5.1}{Fan Relay}{subsection.5.5}% 17
\BOOKMARK [3][-]{subsubsection.5.5.2}{Servo Motor}{subsection.5.5}% 18
\BOOKMARK [1][-]{section.6}{Timing Analysis}{}% 19
\BOOKMARK [2][-]{subsection.6.1}{Time Bases}{section.6}% 20
\BOOKMARK [2][-]{subsection.6.2}{Analysis}{section.6}% 21
\BOOKMARK [1][-]{section.7}{Hardware Reliability}{}% 22
\BOOKMARK [2][-]{subsection.7.1}{Precision and Convenience}{section.7}% 23
\BOOKMARK [1][-]{section.8}{Memory Usage}{}% 24
\BOOKMARK [1][-]{section.9}{Level Of Completion \(Hardware\)}{}% 25
\BOOKMARK [1][-]{section.10}{Software Plan}{}% 26
\BOOKMARK [1][-]{section.11}{Multi-Unit Software Organization}{}% 27
\BOOKMARK [1][-]{section.12}{Software Reliability}{}% 28
\BOOKMARK [2][-]{subsection.12.1}{Overall Reliability and Software Expansion}{section.12}% 29
\BOOKMARK [2][-]{subsection.12.2}{Data Integrity}{section.12}% 30
\BOOKMARK [1][-]{section.13}{Level of Completion \(Software\)}{}% 31
\BOOKMARK [1][-]{section.14}{Conclusion}{}% 32
\BOOKMARK [1][-]{section.15}{Future Work}{}% 33
\BOOKMARK [1][-]{section*.18}{Appendices}{}% 34
\BOOKMARK [1][-]{appendix.A}{References}{}% 35
\BOOKMARK [1][-]{appendix.B}{System Specifications}{}% 36
\BOOKMARK [2][-]{subsection.B.1}{MCU: Tiva C Series TM4C123G}{appendix.B}% 37
\BOOKMARK [2][-]{subsection.B.2}{Strain Gauges}{appendix.B}% 38
\BOOKMARK [2][-]{subsection.B.3}{Bluetooth Connection}{appendix.B}% 39
\BOOKMARK [2][-]{subsection.B.4}{Temperature and Humidity Sensor}{appendix.B}% 40
\BOOKMARK [2][-]{subsection.B.5}{LCD Screen}{appendix.B}% 41
\BOOKMARK [2][-]{subsection.B.6}{Wind Vane}{appendix.B}% 42
\BOOKMARK [2][-]{subsection.B.7}{Servo Motor}{appendix.B}% 43
\BOOKMARK [2][-]{subsection.B.8}{Android Application}{appendix.B}% 44
\BOOKMARK [2][-]{subsection.B.9}{Miniature Wind Tunnel}{appendix.B}% 45
\BOOKMARK [1][-]{appendix.C}{Schematics}{}% 46
\BOOKMARK [1][-]{appendix.D}{Component Layout}{}% 47
\BOOKMARK [1][-]{appendix.E}{Bill Of Materials}{}% 48
\BOOKMARK [1][-]{appendix.F}{Work Distribution}{}% 49
